GET / 200 2884 - 4.902 ms
GET /libs/bootstrap/dist/css/bootstrap.min.css 200 160403 - 2.208 ms
GET /stylesheets/index.css 200 1273 - 4.250 ms
GET /libs/angular-route/angular-route.min.js 200 5721 - 4.299 ms
GET /libs/angular-cookies/angular-cookies.min.js 200 1332 - 4.779 ms
GET /javascripts/controllers/MainCtrl.js 200 2961 - 5.003 ms
GET /javascripts/controllers/AboutCtrl.js 200 373 - 5.194 ms
GET /javascripts/controllers/RequestCtrl.js 200 547 - 4.882 ms
GET /libs/angular/angular.min.js 200 176531 - 6.074 ms
GET /javascripts/controllers/BlogCtrl.js 200 2516 - 5.786 ms
GET /javascripts/controllers/CreateCtrl.js 200 678 - 5.879 ms
GET /javascripts/services/BlogPostSrv.js 200 2338 - 7.513 ms
GET /javascripts/app.js 200 225 - 2.048 ms
GET /javascripts/services/CryptoSrv.js 200 194 - 3.641 ms
GET /javascripts/appRoutes.js 200 2227 - 3.705 ms
GET /javascripts/services/EnvSrv.js 200 172 - 6.717 ms
GET /images/home_logo.png 200 6259 - 0.690 ms
GET /favicon.ico 200 15406 - 0.842 ms
GET /views/home.html 200 1289 - 12.825 ms
GET /api/blogs 200 291 - 56.433 ms
GET /stylesheets/home.css 200 429 - 0.927 ms
GET /images/covers/5ee252bd61b4cd0924026465.png 200 12388 - 0.806 ms
GET /libs/bootstrap/dist/css/bootstrap.min.css.map 304 - - 0.780 ms
GET /views/blogPost.html 200 2250 - 1.485 ms
GET /api/blogpost?id=5ee252bd61b4cd0924026465 200 2586 - 2.706 ms
GET /api/blogs?id=5ee252bd61b4cd0924026465 200 289 - 35.046 ms
GET /stylesheets/blogPost.css 200 1101 - 0.899 ms
GET /api/blogs 200 291 - 229.113 ms
GET /views/review_request.html 200 1347 - 1.222 ms
GET /stylesheets/request.css 200 65 - 1.309 ms
GET /views/about.html 200 593 - 1.747 ms
GET /stylesheets/about.css 200 - - 0.927 ms
GET /api/blogs 200 291 - 40.230 ms
GET /api/blogs 200 291 - 38.622 ms
GET /api/blogs 200 291 - 41.230 ms
GET / 200 3234 - 5.329 ms
GET /libs/bootstrap/dist/css/bootstrap.min.css 200 160403 - 2.189 ms
GET /libs/angular-material/layouts/angular-material.layouts.ie_fixes.css 200 2024 - 5.398 ms
GET /stylesheets/index.css 200 1273 - 5.479 ms
GET /libs/angular-route/angular-route.min.js 200 5721 - 5.288 ms
GET /libs/angular-cookies/angular-cookies.min.js 200 1332 - 6.361 ms
GET /libs/angular/angular.min.js 200 176531 - 6.372 ms
GET /libs/angular-animate/angular-animate.min.js 200 26810 - 5.028 ms
GET /libs/angular-aria/angular-aria.min.js 200 4204 - 5.579 ms
GET /javascripts/controllers/MainCtrl.js 200 2961 - 4.027 ms
GET /libs/angular-material/angular-material.min.css 200 341620 - 5.665 ms
GET /javascripts/controllers/AboutCtrl.js 200 373 - 6.385 ms
GET /javascripts/controllers/BlogCtrl.js 200 2516 - 4.792 ms
GET /javascripts/controllers/RequestCtrl.js 200 547 - 5.862 ms
GET /javascripts/controllers/CreateCtrl.js 200 678 - 3.474 ms
GET /libs/angular-material/angular-material.min.js 200 422161 - 7.039 ms
GET /javascripts/controllers/LoginCtrl.js 200 88 - 4.368 ms
GET /javascripts/services/BlogPostSrv.js 200 2338 - 4.459 ms
GET /javascripts/services/CryptoSrv.js 200 194 - 3.380 ms
GET /javascripts/services/EnvSrv.js 200 172 - 4.805 ms
GET /javascripts/appRoutes.js 200 2226 - 2.699 ms
GET /javascripts/app.js 200 262 - 2.922 ms
GET /images/home_logo.png 200 6259 - 0.809 ms
GET /views/home.html 200 1289 - 11.051 ms
GET /api/blogs 200 291 - 55.128 ms
GET /favicon.ico 200 15406 - 0.869 ms
GET /stylesheets/home.css 200 429 - 1.132 ms
GET /images/covers/5ee252bd61b4cd0924026465.png 200 12388 - 0.990 ms
GET /libs/bootstrap/dist/css/bootstrap.min.css.map 304 - - 0.953 ms
GET /servers 404 146 - 1.843 ms
GET / 200 3246 - 5.162 ms
GET /libs/bootstrap/dist/css/bootstrap.min.css 200 160403 - 3.402 ms
GET /libs/angular-material/layouts/angular-material.layouts.ie_fixes.css 200 2024 - 5.807 ms
GET /stylesheets/index.css 200 1273 - 5.576 ms
GET /libs/angular-route/angular-route.min.js 200 5721 - 5.081 ms
GET /libs/angular/angular.min.js 200 176531 - 6.250 ms
GET /libs/angular-cookies/angular-cookies.min.js 200 1332 - 5.764 ms
GET /libs/angular-animate/angular-animate.min.js 200 26810 - 4.917 ms
GET /libs/angular-aria/angular-aria.min.js 200 4204 - 5.662 ms
GET /libs/angular-material/angular-material.min.css 200 341620 - 6.821 ms
GET /javascripts/controllers/MainCtrl.js 200 3481 - 4.018 ms
GET /javascripts/controllers/AboutCtrl.js 200 373 - 4.058 ms
GET /javascripts/controllers/RequestCtrl.js 200 547 - 3.055 ms
GET /libs/angular-material/angular-material.min.js 200 422161 - 4.641 ms
GET /javascripts/controllers/BlogCtrl.js 200 2516 - 6.558 ms
GET /javascripts/controllers/LoginCtrl.js 200 231 - 3.869 ms
GET /javascripts/controllers/CreateCtrl.js 200 678 - 5.155 ms
GET /javascripts/services/BlogPostSrv.js 200 2338 - 4.012 ms
GET /javascripts/services/EnvSrv.js 200 172 - 3.728 ms
GET /javascripts/services/CryptoSrv.js 200 194 - 2.515 ms
GET /javascripts/app.js 200 262 - 1.793 ms
GET /javascripts/appRoutes.js 200 2226 - 2.665 ms
GET /images/home_logo.png 200 6259 - 0.681 ms
GET /views/home.html 200 1289 - 12.251 ms
GET /favicon.ico 200 15406 - 0.862 ms
GET /api/blogs 200 291 - 228.629 ms
GET /stylesheets/home.css 200 429 - 1.038 ms
GET /images/covers/5ee252bd61b4cd0924026465.png 200 12388 - 0.972 ms
GET /libs/bootstrap/dist/css/bootstrap.min.css.map 304 - - 1.060 ms
